<?xml version="1.0" encoding="UTF-8"?>
<testng-results ignored="0" total="2" passed="2" failed="0" skipped="0">
  <reporter-output>
  </reporter-output>
  <suite started-at="2020-09-25T14:48:32Z" name="Default suite" finished-at="2020-09-25T14:48:50Z" duration-ms="17987">
    <groups>
    </groups>
    <test started-at="2020-09-25T14:48:32Z" name="Default test" finished-at="2020-09-25T14:48:50Z" duration-ms="17987">
      <class name="com.crm.qa.testcases.LoginPageTest">
        <test-method is-config="true" signature="setUp()[pri:0, instance:com.crm.qa.testcases.LoginPageTest@2b72cb8a]" started-at="2020-09-25T14:48:32Z" name="setUp" finished-at="2020-09-25T14:48:42Z" duration-ms="9442" status="PASS">
          <reporter-output>
          </reporter-output>
        </test-method> <!-- setUp -->
        <test-method signature="loginTest()[pri:1, instance:com.crm.qa.testcases.LoginPageTest@2b72cb8a]" started-at="2020-09-25T14:48:42Z" name="loginTest" finished-at="2020-09-25T14:48:44Z" duration-ms="2044" status="PASS">
          <reporter-output>
          </reporter-output>
        </test-method> <!-- loginTest -->
        <test-method is-config="true" signature="tearDown()[pri:0, instance:com.crm.qa.testcases.LoginPageTest@2b72cb8a]" started-at="2020-09-25T14:48:44Z" name="tearDown" finished-at="2020-09-25T14:48:45Z" duration-ms="719" status="PASS">
          <reporter-output>
          </reporter-output>
        </test-method> <!-- tearDown -->
        <test-method is-config="true" signature="setUp()[pri:0, instance:com.crm.qa.testcases.LoginPageTest@2b72cb8a]" started-at="2020-09-25T14:48:45Z" name="setUp" finished-at="2020-09-25T14:48:50Z" duration-ms="4881" status="PASS">
          <reporter-output>
          </reporter-output>
        </test-method> <!-- setUp -->
        <test-method signature="validateLoginPageTitleTest()[pri:2, instance:com.crm.qa.testcases.LoginPageTest@2b72cb8a]" started-at="2020-09-25T14:48:50Z" name="validateLoginPageTitleTest" finished-at="2020-09-25T14:48:50Z" duration-ms="48" status="PASS">
          <reporter-output>
          </reporter-output>
        </test-method> <!-- validateLoginPageTitleTest -->
        <test-method is-config="true" signature="tearDown()[pri:0, instance:com.crm.qa.testcases.LoginPageTest@2b72cb8a]" started-at="2020-09-25T14:48:50Z" name="tearDown" finished-at="2020-09-25T14:48:50Z" duration-ms="691" status="PASS">
          <reporter-output>
          </reporter-output>
        </test-method> <!-- tearDown -->
      </class> <!-- com.crm.qa.testcases.LoginPageTest -->
    </test> <!-- Default test -->
  </suite> <!-- Default suite -->
</testng-results>
