<?xml version="1.0" encoding="UTF-8"?>
<testng-results ignored="0" total="1" passed="1" failed="0" skipped="0">
  <reporter-output>
  </reporter-output>
  <suite started-at="2020-09-26T03:19:53Z" name="Default suite" finished-at="2020-09-26T03:20:05Z" duration-ms="11793">
    <groups>
    </groups>
    <test started-at="2020-09-26T03:19:53Z" name="Default test" finished-at="2020-09-26T03:20:05Z" duration-ms="11793">
      <class name="com.crm.qa.testcases.ContactsPageTest">
        <test-method is-config="true" signature="setUp()[pri:0, instance:com.crm.qa.testcases.ContactsPageTest@4c012563]" started-at="2020-09-26T03:19:53Z" name="setUp" finished-at="2020-09-26T03:20:03Z" duration-ms="9592" status="PASS">
          <reporter-output>
          </reporter-output>
        </test-method> <!-- setUp -->
        <test-method signature="clickOnContactStartWithKTest()[pri:0, instance:com.crm.qa.testcases.ContactsPageTest@4c012563]" started-at="2020-09-26T03:20:03Z" name="clickOnContactStartWithKTest" finished-at="2020-09-26T03:20:05Z" duration-ms="1498" status="PASS">
          <reporter-output>
          </reporter-output>
        </test-method> <!-- clickOnContactStartWithKTest -->
        <test-method is-config="true" signature="tearDown()[pri:0, instance:com.crm.qa.testcases.ContactsPageTest@4c012563]" started-at="2020-09-26T03:20:05Z" name="tearDown" finished-at="2020-09-26T03:20:05Z" duration-ms="596" status="PASS">
          <reporter-output>
          </reporter-output>
        </test-method> <!-- tearDown -->
      </class> <!-- com.crm.qa.testcases.ContactsPageTest -->
    </test> <!-- Default test -->
  </suite> <!-- Default suite -->
</testng-results>
